RUN	pokemonapi.PokemonTestApi	pokemontestapi	1720996390955	 	3.11.5
USER	Prokemon API Test	START	1720996391602
REQUEST		Get onix	1720996391619	1720996391693	OK	 
USER	Prokemon API Test	END	1720996391836
USER	Prokemon API Test	START	1720996391837
REQUEST		Get ditto	1720996391838	1720996391876	OK	 
USER	Prokemon API Test	END	1720996391881
USER	Prokemon API Test	START	1720996391882
REQUEST		Get pikachu	1720996391883	1720996391942	OK	 
USER	Prokemon API Test	END	1720996391958
USER	Prokemon API Test	START	1720996391959
REQUEST		Get charmander	1720996391960	1720996392018	OK	 
USER	Prokemon API Test	END	1720996392031
USER	Prokemon API Test	START	1720996392032
REQUEST		Get psyduck	1720996392033	1720996392087	OK	 
USER	Prokemon API Test	END	1720996392094
USER	Prokemon API Test	START	1720996392094
REQUEST		Get butterfree	1720996392095	1720996392153	KO	jmesPath(base_experience).find.is(112), but actually found 198
USER	Prokemon API Test	END	1720996392167
USER	Prokemon API Test	START	1720996392168
REQUEST		Get onix	1720996392169	1720996392220	OK	 
USER	Prokemon API Test	END	1720996392230
USER	Prokemon API Test	START	1720996392230
REQUEST		Get ditto	1720996392231	1720996392266	OK	 
USER	Prokemon API Test	END	1720996392268
USER	Prokemon API Test	START	1720996392268
REQUEST		Get pikachu	1720996392268	1720996392320	OK	 
USER	Prokemon API Test	END	1720996392325
USER	Prokemon API Test	START	1720996392326
REQUEST		Get charmander	1720996392326	1720996392381	OK	 
USER	Prokemon API Test	END	1720996392387
USER	Prokemon API Test	START	1720996392387
REQUEST		Get psyduck	1720996392388	1720996392436	OK	 
USER	Prokemon API Test	END	1720996392441
USER	Prokemon API Test	START	1720996392442
REQUEST		Get butterfree	1720996392443	1720996392491	KO	jmesPath(base_experience).find.is(112), but actually found 198
USER	Prokemon API Test	END	1720996392496
USER	Prokemon API Test	START	1720996392496
REQUEST		Get onix	1720996392497	1720996392542	OK	 
USER	Prokemon API Test	END	1720996392547
USER	Prokemon API Test	START	1720996392547
REQUEST		Get ditto	1720996392548	1720996392643	OK	 
USER	Prokemon API Test	END	1720996392645
USER	Prokemon API Test	START	1720996392645
REQUEST		Get pikachu	1720996392646	1720996392693	OK	 
USER	Prokemon API Test	END	1720996392696
USER	Prokemon API Test	START	1720996392697
REQUEST		Get charmander	1720996392697	1720996392744	OK	 
USER	Prokemon API Test	END	1720996392748
USER	Prokemon API Test	START	1720996392748
REQUEST		Get psyduck	1720996392748	1720996392794	OK	 
USER	Prokemon API Test	END	1720996392799
USER	Prokemon API Test	START	1720996392799
REQUEST		Get butterfree	1720996392799	1720996392865	KO	jmesPath(base_experience).find.is(112), but actually found 198
USER	Prokemon API Test	END	1720996392869
USER	Prokemon API Test	START	1720996392870
REQUEST		Get onix	1720996392870	1720996392924	OK	 
USER	Prokemon API Test	END	1720996392927
USER	Prokemon API Test	START	1720996392928
REQUEST		Get ditto	1720996392928	1720996392958	OK	 
USER	Prokemon API Test	END	1720996392960
USER	Prokemon API Test	START	1720996392960
REQUEST		Get pikachu	1720996392960	1720996393017	OK	 
USER	Prokemon API Test	END	1720996393021
USER	Prokemon API Test	START	1720996393022
REQUEST		Get charmander	1720996393023	1720996393081	OK	 
USER	Prokemon API Test	END	1720996393087
USER	Prokemon API Test	START	1720996393087
REQUEST		Get psyduck	1720996393088	1720996393143	OK	 
USER	Prokemon API Test	END	1720996393147
USER	Prokemon API Test	START	1720996393148
REQUEST		Get butterfree	1720996393148	1720996393189	KO	jmesPath(base_experience).find.is(112), but actually found 198
USER	Prokemon API Test	END	1720996393194
USER	Prokemon API Test	START	1720996393194
REQUEST		Get onix	1720996393195	1720996393245	OK	 
USER	Prokemon API Test	END	1720996393249
USER	Prokemon API Test	START	1720996393249
REQUEST		Get ditto	1720996393250	1720996393289	OK	 
USER	Prokemon API Test	END	1720996393291
USER	Prokemon API Test	START	1720996393292
REQUEST		Get pikachu	1720996393292	1720996393342	OK	 
USER	Prokemon API Test	END	1720996393345
USER	Prokemon API Test	START	1720996393345
REQUEST		Get charmander	1720996393346	1720996393405	OK	 
USER	Prokemon API Test	END	1720996393410
USER	Prokemon API Test	START	1720996393410
REQUEST		Get psyduck	1720996393411	1720996393467	OK	 
USER	Prokemon API Test	END	1720996393470
USER	Prokemon API Test	START	1720996393470
REQUEST		Get butterfree	1720996393471	1720996393518	KO	jmesPath(base_experience).find.is(112), but actually found 198
USER	Prokemon API Test	END	1720996393522
USER	Prokemon API Test	START	1720996393523
REQUEST		Get onix	1720996393523	1720996393580	OK	 
USER	Prokemon API Test	END	1720996393584
USER	Prokemon API Test	START	1720996393585
REQUEST		Get ditto	1720996393585	1720996393619	OK	 
USER	Prokemon API Test	END	1720996393621
USER	Prokemon API Test	START	1720996393621
REQUEST		Get pikachu	1720996393621	1720996393745	OK	 
USER	Prokemon API Test	END	1720996393749
USER	Prokemon API Test	START	1720996393749
REQUEST		Get charmander	1720996393750	1720996393802	OK	 
USER	Prokemon API Test	END	1720996393806
USER	Prokemon API Test	START	1720996393806
REQUEST		Get psyduck	1720996393806	1720996393854	OK	 
USER	Prokemon API Test	END	1720996393858
USER	Prokemon API Test	START	1720996393858
REQUEST		Get butterfree	1720996393858	1720996393911	KO	jmesPath(base_experience).find.is(112), but actually found 198
USER	Prokemon API Test	END	1720996393915
USER	Prokemon API Test	START	1720996393915
REQUEST		Get onix	1720996393916	1720996393970	OK	 
USER	Prokemon API Test	END	1720996393974
USER	Prokemon API Test	START	1720996393974
REQUEST		Get ditto	1720996393975	1720996394005	OK	 
USER	Prokemon API Test	END	1720996394006
USER	Prokemon API Test	START	1720996394007
REQUEST		Get pikachu	1720996394007	1720996394060	OK	 
USER	Prokemon API Test	END	1720996394064
USER	Prokemon API Test	START	1720996394064
REQUEST		Get charmander	1720996394065	1720996394113	OK	 
USER	Prokemon API Test	END	1720996394117
USER	Prokemon API Test	START	1720996394117
REQUEST		Get psyduck	1720996394118	1720996394172	OK	 
USER	Prokemon API Test	END	1720996394176
USER	Prokemon API Test	START	1720996394176
REQUEST		Get butterfree	1720996394176	1720996394247	KO	jmesPath(base_experience).find.is(112), but actually found 198
USER	Prokemon API Test	END	1720996394251
USER	Prokemon API Test	START	1720996394251
REQUEST		Get onix	1720996394251	1720996394299	OK	 
USER	Prokemon API Test	END	1720996394303
USER	Prokemon API Test	START	1720996394303
REQUEST		Get ditto	1720996394303	1720996394335	OK	 
USER	Prokemon API Test	END	1720996394336
USER	Prokemon API Test	START	1720996394336
REQUEST		Get pikachu	1720996394337	1720996394389	OK	 
USER	Prokemon API Test	END	1720996394393
USER	Prokemon API Test	START	1720996394393
REQUEST		Get charmander	1720996394393	1720996394446	OK	 
USER	Prokemon API Test	END	1720996394459
USER	Prokemon API Test	START	1720996394459
REQUEST		Get psyduck	1720996394460	1720996394508	OK	 
USER	Prokemon API Test	END	1720996394512
USER	Prokemon API Test	START	1720996394512
REQUEST		Get butterfree	1720996394512	1720996394561	KO	jmesPath(base_experience).find.is(112), but actually found 198
USER	Prokemon API Test	END	1720996394564
USER	Prokemon API Test	START	1720996394565
REQUEST		Get onix	1720996394565	1720996394617	OK	 
USER	Prokemon API Test	END	1720996394619
USER	Prokemon API Test	START	1720996394620
REQUEST		Get ditto	1720996394620	1720996394668	OK	 
USER	Prokemon API Test	END	1720996394669
USER	Prokemon API Test	START	1720996394670
REQUEST		Get pikachu	1720996394670	1720996394719	OK	 
USER	Prokemon API Test	END	1720996394722
USER	Prokemon API Test	START	1720996394722
REQUEST		Get charmander	1720996394723	1720996394774	OK	 
USER	Prokemon API Test	END	1720996394777
USER	Prokemon API Test	START	1720996394778
REQUEST		Get psyduck	1720996394778	1720996394828	OK	 
USER	Prokemon API Test	END	1720996394831
USER	Prokemon API Test	START	1720996394832
REQUEST		Get butterfree	1720996394832	1720996394875	KO	jmesPath(base_experience).find.is(112), but actually found 198
USER	Prokemon API Test	END	1720996394878
USER	Prokemon API Test	START	1720996394878
REQUEST		Get onix	1720996394879	1720996394936	OK	 
USER	Prokemon API Test	END	1720996394939
USER	Prokemon API Test	START	1720996394940
REQUEST		Get ditto	1720996394940	1720996394969	OK	 
USER	Prokemon API Test	END	1720996394970
USER	Prokemon API Test	START	1720996394970
REQUEST		Get pikachu	1720996394971	1720996395030	OK	 
USER	Prokemon API Test	END	1720996395033
USER	Prokemon API Test	START	1720996395033
REQUEST		Get charmander	1720996395034	1720996395079	OK	 
USER	Prokemon API Test	END	1720996395082
USER	Prokemon API Test	START	1720996395082
REQUEST		Get psyduck	1720996395083	1720996395135	OK	 
USER	Prokemon API Test	END	1720996395139
USER	Prokemon API Test	START	1720996395139
REQUEST		Get butterfree	1720996395139	1720996395194	KO	jmesPath(base_experience).find.is(112), but actually found 198
USER	Prokemon API Test	END	1720996395198
USER	Prokemon API Test	START	1720996395198
REQUEST		Get onix	1720996395199	1720996395249	OK	 
USER	Prokemon API Test	END	1720996395252
USER	Prokemon API Test	START	1720996395252
REQUEST		Get ditto	1720996395253	1720996395293	OK	 
USER	Prokemon API Test	END	1720996395294
USER	Prokemon API Test	START	1720996395295
REQUEST		Get pikachu	1720996395295	1720996395345	OK	 
USER	Prokemon API Test	END	1720996395348
USER	Prokemon API Test	START	1720996395349
REQUEST		Get charmander	1720996395349	1720996395399	OK	 
USER	Prokemon API Test	END	1720996395403
USER	Prokemon API Test	START	1720996395403
REQUEST		Get psyduck	1720996395404	1720996395456	OK	 
USER	Prokemon API Test	END	1720996395460
USER	Prokemon API Test	START	1720996395460
REQUEST		Get butterfree	1720996395461	1720996395519	KO	jmesPath(base_experience).find.is(112), but actually found 198
USER	Prokemon API Test	END	1720996395522
USER	Prokemon API Test	START	1720996395522
REQUEST		Get onix	1720996395522	1720996395571	OK	 
USER	Prokemon API Test	END	1720996395576
USER	Prokemon API Test	START	1720996395576
REQUEST		Get ditto	1720996395576	1720996395612	OK	 
USER	Prokemon API Test	END	1720996395613
USER	Prokemon API Test	START	1720996395613
REQUEST		Get pikachu	1720996395614	1720996395672	OK	 
USER	Prokemon API Test	END	1720996395676
USER	Prokemon API Test	START	1720996395677
REQUEST		Get charmander	1720996395677	1720996395724	OK	 
USER	Prokemon API Test	END	1720996395728
USER	Prokemon API Test	START	1720996395728
REQUEST		Get psyduck	1720996395728	1720996395780	OK	 
USER	Prokemon API Test	END	1720996395784
USER	Prokemon API Test	START	1720996395784
REQUEST		Get butterfree	1720996395784	1720996395829	KO	jmesPath(base_experience).find.is(112), but actually found 198
USER	Prokemon API Test	END	1720996395832
USER	Prokemon API Test	START	1720996395832
REQUEST		Get onix	1720996395832	1720996395888	OK	 
USER	Prokemon API Test	END	1720996395891
USER	Prokemon API Test	START	1720996395891
REQUEST		Get ditto	1720996395892	1720996395923	OK	 
USER	Prokemon API Test	END	1720996395924
USER	Prokemon API Test	START	1720996395925
REQUEST		Get pikachu	1720996395925	1720996395976	OK	 
USER	Prokemon API Test	END	1720996395981
USER	Prokemon API Test	START	1720996395981
REQUEST		Get charmander	1720996395982	1720996396031	OK	 
USER	Prokemon API Test	END	1720996396035
USER	Prokemon API Test	START	1720996396035
REQUEST		Get psyduck	1720996396036	1720996396090	OK	 
USER	Prokemon API Test	END	1720996396094
USER	Prokemon API Test	START	1720996396094
REQUEST		Get butterfree	1720996396095	1720996396154	KO	jmesPath(base_experience).find.is(112), but actually found 198
USER	Prokemon API Test	END	1720996396157
USER	Prokemon API Test	START	1720996396157
REQUEST		Get onix	1720996396157	1720996396219	OK	 
USER	Prokemon API Test	END	1720996396224
USER	Prokemon API Test	START	1720996396224
REQUEST		Get ditto	1720996396225	1720996396266	OK	 
USER	Prokemon API Test	END	1720996396267
USER	Prokemon API Test	START	1720996396267
REQUEST		Get pikachu	1720996396267	1720996396321	OK	 
USER	Prokemon API Test	END	1720996396324
USER	Prokemon API Test	START	1720996396324
REQUEST		Get charmander	1720996396325	1720996396382	OK	 
USER	Prokemon API Test	END	1720996396386
USER	Prokemon API Test	START	1720996396386
REQUEST		Get psyduck	1720996396386	1720996396465	OK	 
USER	Prokemon API Test	END	1720996396469
USER	Prokemon API Test	START	1720996396469
REQUEST		Get butterfree	1720996396469	1720996396515	KO	jmesPath(base_experience).find.is(112), but actually found 198
USER	Prokemon API Test	END	1720996396518
USER	Prokemon API Test	START	1720996396518
REQUEST		Get onix	1720996396519	1720996396561	OK	 
USER	Prokemon API Test	END	1720996396564
USER	Prokemon API Test	START	1720996396564
REQUEST		Get ditto	1720996396565	1720996396609	OK	 
USER	Prokemon API Test	END	1720996396611
USER	Prokemon API Test	START	1720996396611
REQUEST		Get pikachu	1720996396611	1720996396658	OK	 
USER	Prokemon API Test	END	1720996396661
USER	Prokemon API Test	START	1720996396661
REQUEST		Get charmander	1720996396662	1720996396709	OK	 
USER	Prokemon API Test	END	1720996396713
USER	Prokemon API Test	START	1720996396713
REQUEST		Get psyduck	1720996396713	1720996396784	OK	 
USER	Prokemon API Test	END	1720996396789
USER	Prokemon API Test	START	1720996396789
REQUEST		Get butterfree	1720996396790	1720996396856	KO	jmesPath(base_experience).find.is(112), but actually found 198
USER	Prokemon API Test	END	1720996396860
USER	Prokemon API Test	START	1720996396860
REQUEST		Get onix	1720996396860	1720996396908	OK	 
USER	Prokemon API Test	END	1720996396910
USER	Prokemon API Test	START	1720996396911
REQUEST		Get ditto	1720996396911	1720996396973	OK	 
USER	Prokemon API Test	END	1720996396974
USER	Prokemon API Test	START	1720996396974
REQUEST		Get pikachu	1720996396974	1720996397025	OK	 
USER	Prokemon API Test	END	1720996397028
USER	Prokemon API Test	START	1720996397028
REQUEST		Get charmander	1720996397028	1720996397081	OK	 
USER	Prokemon API Test	END	1720996397086
USER	Prokemon API Test	START	1720996397086
REQUEST		Get psyduck	1720996397086	1720996397135	OK	 
USER	Prokemon API Test	END	1720996397139
USER	Prokemon API Test	START	1720996397139
REQUEST		Get butterfree	1720996397140	1720996397187	KO	jmesPath(base_experience).find.is(112), but actually found 198
USER	Prokemon API Test	END	1720996397197
USER	Prokemon API Test	START	1720996397197
REQUEST		Get onix	1720996397198	1720996397248	OK	 
USER	Prokemon API Test	END	1720996397251
USER	Prokemon API Test	START	1720996397252
REQUEST		Get ditto	1720996397252	1720996397284	OK	 
USER	Prokemon API Test	END	1720996397285
USER	Prokemon API Test	START	1720996397286
REQUEST		Get pikachu	1720996397286	1720996397348	OK	 
USER	Prokemon API Test	END	1720996397351
USER	Prokemon API Test	START	1720996397351
REQUEST		Get charmander	1720996397352	1720996397405	OK	 
USER	Prokemon API Test	END	1720996397408
USER	Prokemon API Test	START	1720996397408
REQUEST		Get psyduck	1720996397408	1720996397475	OK	 
USER	Prokemon API Test	END	1720996397478
USER	Prokemon API Test	START	1720996397478
REQUEST		Get butterfree	1720996397479	1720996397536	KO	jmesPath(base_experience).find.is(112), but actually found 198
USER	Prokemon API Test	END	1720996397538
USER	Prokemon API Test	START	1720996397538
REQUEST		Get onix	1720996397539	1720996397611	OK	 
USER	Prokemon API Test	END	1720996397614
USER	Prokemon API Test	START	1720996397614
REQUEST		Get ditto	1720996397614	1720996397645	OK	 
USER	Prokemon API Test	END	1720996397646
USER	Prokemon API Test	START	1720996397647
REQUEST		Get pikachu	1720996397647	1720996397702	OK	 
USER	Prokemon API Test	END	1720996397705
USER	Prokemon API Test	START	1720996397705
REQUEST		Get charmander	1720996397706	1720996397751	OK	 
USER	Prokemon API Test	END	1720996397756
USER	Prokemon API Test	START	1720996397756
REQUEST		Get psyduck	1720996397756	1720996397807	OK	 
USER	Prokemon API Test	END	1720996397811
USER	Prokemon API Test	START	1720996397811
REQUEST		Get butterfree	1720996397811	1720996397858	KO	jmesPath(base_experience).find.is(112), but actually found 198
USER	Prokemon API Test	END	1720996397861
USER	Prokemon API Test	START	1720996397861
REQUEST		Get onix	1720996397861	1720996397909	OK	 
USER	Prokemon API Test	END	1720996397912
USER	Prokemon API Test	START	1720996397912
REQUEST		Get ditto	1720996397912	1720996397946	OK	 
USER	Prokemon API Test	END	1720996397947
USER	Prokemon API Test	START	1720996397947
REQUEST		Get pikachu	1720996397948	1720996397994	OK	 
USER	Prokemon API Test	END	1720996397997
USER	Prokemon API Test	START	1720996397997
REQUEST		Get charmander	1720996397997	1720996398057	OK	 
USER	Prokemon API Test	END	1720996398060
USER	Prokemon API Test	START	1720996398060
REQUEST		Get psyduck	1720996398060	1720996398117	OK	 
USER	Prokemon API Test	END	1720996398120
USER	Prokemon API Test	START	1720996398121
REQUEST		Get butterfree	1720996398121	1720996398165	KO	jmesPath(base_experience).find.is(112), but actually found 198
USER	Prokemon API Test	END	1720996398168
USER	Prokemon API Test	START	1720996398169
REQUEST		Get onix	1720996398169	1720996398213	OK	 
USER	Prokemon API Test	END	1720996398216
USER	Prokemon API Test	START	1720996398216
REQUEST		Get ditto	1720996398217	1720996398249	OK	 
USER	Prokemon API Test	END	1720996398251
USER	Prokemon API Test	START	1720996398251
REQUEST		Get pikachu	1720996398251	1720996398299	OK	 
USER	Prokemon API Test	END	1720996398302
USER	Prokemon API Test	START	1720996398302
REQUEST		Get charmander	1720996398302	1720996398353	OK	 
USER	Prokemon API Test	END	1720996398356
USER	Prokemon API Test	START	1720996398356
REQUEST		Get psyduck	1720996398357	1720996398401	OK	 
USER	Prokemon API Test	END	1720996398404
USER	Prokemon API Test	START	1720996398404
REQUEST		Get butterfree	1720996398405	1720996398455	KO	jmesPath(base_experience).find.is(112), but actually found 198
USER	Prokemon API Test	END	1720996398458
USER	Prokemon API Test	START	1720996398458
REQUEST		Get onix	1720996398458	1720996398505	OK	 
USER	Prokemon API Test	END	1720996398508
USER	Prokemon API Test	START	1720996398508
REQUEST		Get ditto	1720996398508	1720996398537	OK	 
USER	Prokemon API Test	END	1720996398538
USER	Prokemon API Test	START	1720996398539
REQUEST		Get pikachu	1720996398539	1720996398588	OK	 
USER	Prokemon API Test	END	1720996398592
USER	Prokemon API Test	START	1720996398592
REQUEST		Get charmander	1720996398592	1720996398638	OK	 
USER	Prokemon API Test	END	1720996398641
USER	Prokemon API Test	START	1720996398641
REQUEST		Get psyduck	1720996398642	1720996398689	OK	 
USER	Prokemon API Test	END	1720996398692
USER	Prokemon API Test	START	1720996398692
REQUEST		Get butterfree	1720996398692	1720996398741	KO	jmesPath(base_experience).find.is(112), but actually found 198
USER	Prokemon API Test	END	1720996398744
USER	Prokemon API Test	START	1720996398744
REQUEST		Get onix	1720996398744	1720996398785	OK	 
USER	Prokemon API Test	END	1720996398788
USER	Prokemon API Test	START	1720996398788
REQUEST		Get ditto	1720996398789	1720996398815	OK	 
USER	Prokemon API Test	END	1720996398817
USER	Prokemon API Test	START	1720996398817
REQUEST		Get pikachu	1720996398817	1720996398865	OK	 
USER	Prokemon API Test	END	1720996398869
USER	Prokemon API Test	START	1720996398869
REQUEST		Get charmander	1720996398869	1720996398914	OK	 
USER	Prokemon API Test	END	1720996398916
USER	Prokemon API Test	START	1720996398917
REQUEST		Get psyduck	1720996398917	1720996398964	OK	 
USER	Prokemon API Test	END	1720996398968
USER	Prokemon API Test	START	1720996398968
REQUEST		Get butterfree	1720996398968	1720996399010	KO	jmesPath(base_experience).find.is(112), but actually found 198
USER	Prokemon API Test	END	1720996399012
USER	Prokemon API Test	START	1720996399013
REQUEST		Get onix	1720996399013	1720996399060	OK	 
USER	Prokemon API Test	END	1720996399063
USER	Prokemon API Test	START	1720996399063
REQUEST		Get ditto	1720996399064	1720996399094	OK	 
USER	Prokemon API Test	END	1720996399095
USER	Prokemon API Test	START	1720996399095
REQUEST		Get pikachu	1720996399095	1720996399144	OK	 
USER	Prokemon API Test	END	1720996399147
USER	Prokemon API Test	START	1720996399147
REQUEST		Get charmander	1720996399147	1720996399192	OK	 
USER	Prokemon API Test	END	1720996399194
USER	Prokemon API Test	START	1720996399195
REQUEST		Get psyduck	1720996399195	1720996399244	OK	 
USER	Prokemon API Test	END	1720996399247
USER	Prokemon API Test	START	1720996399247
REQUEST		Get butterfree	1720996399248	1720996399296	KO	jmesPath(base_experience).find.is(112), but actually found 198
USER	Prokemon API Test	END	1720996399298
USER	Prokemon API Test	START	1720996399299
REQUEST		Get onix	1720996399299	1720996399353	OK	 
USER	Prokemon API Test	END	1720996399355
USER	Prokemon API Test	START	1720996399356
REQUEST		Get ditto	1720996399356	1720996399385	OK	 
USER	Prokemon API Test	END	1720996399386
USER	Prokemon API Test	START	1720996399386
REQUEST		Get pikachu	1720996399386	1720996399429	OK	 
USER	Prokemon API Test	END	1720996399431
USER	Prokemon API Test	START	1720996399432
REQUEST		Get charmander	1720996399432	1720996399482	OK	 
USER	Prokemon API Test	END	1720996399485
USER	Prokemon API Test	START	1720996399485
REQUEST		Get psyduck	1720996399485	1720996399534	OK	 
USER	Prokemon API Test	END	1720996399538
USER	Prokemon API Test	START	1720996399538
REQUEST		Get butterfree	1720996399538	1720996399587	KO	jmesPath(base_experience).find.is(112), but actually found 198
USER	Prokemon API Test	END	1720996399590
USER	Prokemon API Test	START	1720996399590
REQUEST		Get onix	1720996399590	1720996399640	OK	 
USER	Prokemon API Test	END	1720996399643
USER	Prokemon API Test	START	1720996399643
REQUEST		Get ditto	1720996399643	1720996399671	OK	 
USER	Prokemon API Test	END	1720996399672
USER	Prokemon API Test	START	1720996399672
REQUEST		Get pikachu	1720996399673	1720996399718	OK	 
USER	Prokemon API Test	END	1720996399721
USER	Prokemon API Test	START	1720996399721
REQUEST		Get charmander	1720996399721	1720996399768	OK	 
USER	Prokemon API Test	END	1720996399777
USER	Prokemon API Test	START	1720996399777
REQUEST		Get psyduck	1720996399777	1720996399822	OK	 
USER	Prokemon API Test	END	1720996399826
USER	Prokemon API Test	START	1720996399826
REQUEST		Get butterfree	1720996399826	1720996399873	KO	jmesPath(base_experience).find.is(112), but actually found 198
USER	Prokemon API Test	END	1720996399876
USER	Prokemon API Test	START	1720996399876
REQUEST		Get onix	1720996399876	1720996399919	OK	 
USER	Prokemon API Test	END	1720996399922
USER	Prokemon API Test	START	1720996399922
REQUEST		Get ditto	1720996399922	1720996399952	OK	 
USER	Prokemon API Test	END	1720996399953
USER	Prokemon API Test	START	1720996399953
REQUEST		Get pikachu	1720996399953	1720996399999	OK	 
USER	Prokemon API Test	END	1720996400002
USER	Prokemon API Test	START	1720996400002
REQUEST		Get charmander	1720996400002	1720996400045	OK	 
USER	Prokemon API Test	END	1720996400048
USER	Prokemon API Test	START	1720996400048
REQUEST		Get psyduck	1720996400048	1720996400099	OK	 
USER	Prokemon API Test	END	1720996400103
USER	Prokemon API Test	START	1720996400103
REQUEST		Get butterfree	1720996400103	1720996400147	KO	jmesPath(base_experience).find.is(112), but actually found 198
USER	Prokemon API Test	END	1720996400150
USER	Prokemon API Test	START	1720996400150
REQUEST		Get onix	1720996400150	1720996400200	OK	 
USER	Prokemon API Test	END	1720996400202
USER	Prokemon API Test	START	1720996400202
REQUEST		Get ditto	1720996400203	1720996400233	OK	 
USER	Prokemon API Test	END	1720996400234
USER	Prokemon API Test	START	1720996400234
REQUEST		Get pikachu	1720996400234	1720996400282	OK	 
USER	Prokemon API Test	END	1720996400284
USER	Prokemon API Test	START	1720996400285
REQUEST		Get charmander	1720996400285	1720996400352	OK	 
USER	Prokemon API Test	END	1720996400357
USER	Prokemon API Test	START	1720996400357
REQUEST		Get psyduck	1720996400357	1720996400407	OK	 
USER	Prokemon API Test	END	1720996400410
USER	Prokemon API Test	START	1720996400410
REQUEST		Get butterfree	1720996400410	1720996400462	KO	jmesPath(base_experience).find.is(112), but actually found 198
USER	Prokemon API Test	END	1720996400465
USER	Prokemon API Test	START	1720996400465
REQUEST		Get onix	1720996400465	1720996400515	OK	 
USER	Prokemon API Test	END	1720996400518
USER	Prokemon API Test	START	1720996400518
REQUEST		Get ditto	1720996400518	1720996400552	OK	 
USER	Prokemon API Test	END	1720996400553
USER	Prokemon API Test	START	1720996400553
REQUEST		Get pikachu	1720996400553	1720996400612	OK	 
USER	Prokemon API Test	END	1720996400614
USER	Prokemon API Test	START	1720996400614
REQUEST		Get charmander	1720996400614	1720996400665	OK	 
USER	Prokemon API Test	END	1720996400668
USER	Prokemon API Test	START	1720996400668
REQUEST		Get psyduck	1720996400668	1720996400713	OK	 
USER	Prokemon API Test	END	1720996400716
USER	Prokemon API Test	START	1720996400716
REQUEST		Get butterfree	1720996400717	1720996400764	KO	jmesPath(base_experience).find.is(112), but actually found 198
USER	Prokemon API Test	END	1720996400767
USER	Prokemon API Test	START	1720996400767
REQUEST		Get onix	1720996400768	1720996400812	OK	 
USER	Prokemon API Test	END	1720996400815
USER	Prokemon API Test	START	1720996400816
REQUEST		Get ditto	1720996400816	1720996400844	OK	 
USER	Prokemon API Test	END	1720996400845
USER	Prokemon API Test	START	1720996400845
REQUEST		Get pikachu	1720996400845	1720996400893	OK	 
USER	Prokemon API Test	END	1720996400896
USER	Prokemon API Test	START	1720996400896
REQUEST		Get charmander	1720996400896	1720996400942	OK	 
USER	Prokemon API Test	END	1720996400945
USER	Prokemon API Test	START	1720996400945
REQUEST		Get psyduck	1720996400945	1720996400994	OK	 
USER	Prokemon API Test	END	1720996400997
USER	Prokemon API Test	START	1720996400997
REQUEST		Get butterfree	1720996400997	1720996401042	KO	jmesPath(base_experience).find.is(112), but actually found 198
USER	Prokemon API Test	END	1720996401044
USER	Prokemon API Test	START	1720996401045
REQUEST		Get onix	1720996401045	1720996401109	OK	 
USER	Prokemon API Test	END	1720996401112
USER	Prokemon API Test	START	1720996401112
REQUEST		Get ditto	1720996401112	1720996401146	OK	 
USER	Prokemon API Test	END	1720996401146
USER	Prokemon API Test	START	1720996401147
REQUEST		Get pikachu	1720996401147	1720996401195	OK	 
USER	Prokemon API Test	END	1720996401198
USER	Prokemon API Test	START	1720996401198
REQUEST		Get charmander	1720996401198	1720996401247	OK	 
USER	Prokemon API Test	END	1720996401250
USER	Prokemon API Test	START	1720996401250
REQUEST		Get psyduck	1720996401250	1720996401300	OK	 
USER	Prokemon API Test	END	1720996401305
USER	Prokemon API Test	START	1720996401305
REQUEST		Get butterfree	1720996401305	1720996401356	KO	jmesPath(base_experience).find.is(112), but actually found 198
USER	Prokemon API Test	END	1720996401359
USER	Prokemon API Test	START	1720996401359
REQUEST		Get onix	1720996401360	1720996401408	OK	 
USER	Prokemon API Test	END	1720996401411
USER	Prokemon API Test	START	1720996401412
REQUEST		Get ditto	1720996401412	1720996401441	OK	 
USER	Prokemon API Test	END	1720996401442
USER	Prokemon API Test	START	1720996401442
REQUEST		Get pikachu	1720996401443	1720996401483	OK	 
USER	Prokemon API Test	END	1720996401486
USER	Prokemon API Test	START	1720996401486
REQUEST		Get charmander	1720996401486	1720996401536	OK	 
USER	Prokemon API Test	END	1720996401539
USER	Prokemon API Test	START	1720996401539
REQUEST		Get psyduck	1720996401539	1720996401590	OK	 
USER	Prokemon API Test	END	1720996401595
USER	Prokemon API Test	START	1720996401596
REQUEST		Get butterfree	1720996401596	1720996401645	KO	jmesPath(base_experience).find.is(112), but actually found 198
USER	Prokemon API Test	END	1720996401648
